<?xml version="1.0" encoding="UTF-8"?>
<testsuites>
	<testsuite tests="3" errors="0" failures="0" time="0.012" timestamp="2015-11-11T13:36:53">
		<testcase classname="dice" name="Dice#roll should return a number" time="0.003">
		</testcase>
		<testcase classname="dice" name="Dice#roll should return a number greater than 0" time="0.001">
		</testcase>
		<testcase classname="dice" name="Dice#roll should return a number less than 7" time="0.001">
		</testcase>
	</testsuite>
</testsuites>

