<?xml version="1.0" encoding="UTF-8"?>
<testsuites>
	<testsuite tests="3" errors="0" failures="0" time="0.005" timestamp="2015-11-10T21:40:51">
		<testcase classname="dice" name="Dice#roll should return a number" time="0.002">
		</testcase>
		<testcase classname="dice" name="Dice#roll should return a number greater than 0" time="0.001">
		</testcase>
		<testcase classname="dice" name="Dice#roll should return a number less than 7" time="0.001">
		</testcase>
	</testsuite>
</testsuites>

